<?xml version="1.0" encoding="UTF-8"?>
<testng-results ignored="0" total="1" passed="1" failed="0" skipped="0">
  <reporter-output>
  </reporter-output>
  <suite started-at="2022-12-23T10:13:13 PST" name="My Test Report for xyz" finished-at="2022-12-23T10:13:13 PST" duration-ms="56">
    <groups>
    </groups>
    <test started-at="2022-12-23T10:13:13 PST" name="My first testNG tests" finished-at="2022-12-23T10:13:13 PST" duration-ms="56">
      <class name="TestDemo.SeleniumPackage">
        <test-method is-config="true" signature="LaunchDriver()[pri:0, instance:TestDemo.SeleniumPackage@101952da]" started-at="2022-12-23T10:13:13 PST" name="LaunchDriver" finished-at="2022-12-23T10:13:13 PST" duration-ms="11" status="PASS">
          <reporter-output>
          </reporter-output>
        </test-method> <!-- LaunchDriver -->
        <test-method signature="openApplication()[pri:0, instance:TestDemo.SeleniumPackage@101952da]" started-at="2022-12-23T10:13:13 PST" name="openApplication" finished-at="2022-12-23T10:13:13 PST" duration-ms="7" status="PASS">
          <reporter-output>
          </reporter-output>
        </test-method> <!-- openApplication -->
        <test-method is-config="true" signature="methodc()[pri:0, instance:TestDemo.SeleniumPackage@101952da]" started-at="2022-12-23T10:13:13 PST" name="methodc" finished-at="2022-12-23T10:13:13 PST" duration-ms="1" status="PASS">
          <reporter-output>
          </reporter-output>
        </test-method> <!-- methodc -->
      </class> <!-- TestDemo.SeleniumPackage -->
    </test> <!-- My first testNG tests -->
  </suite> <!-- My Test Report for xyz -->
</testng-results>
